app/build/intermediates/manifest_merge_blame_file/debug/manifest-merger-blame-debug-report.txt
1<?xml version="1.0" encoding="utf-8"?>
2<manifest xmlns:android="http://schemas.android.com/apk/res/android"
3    package="com.example.pengaduanonline"
4    android:versionCode="1"
5    android:versionName="1.0" >
6
7    <uses-sdk
8        android:minSdkVersion="21"
8-->src\main\AndroidManifest.xml
9        android:targetSdkVersion="32" />
9-->src\main\AndroidManifest.xml
10
11    <!-- Although the *SdkVersion is captured in gradle build files, this is required for non gradle builds -->
12    <!-- <uses-sdk android:minSdkVersion="14"/> -->
13    <uses-permission android:name="android.permission.ACCESS_NETWORK_STATE" />
13-->[com.google.firebase:firebase-database:20.1.0] AndroidManifest.xml:24:5-79
13-->[com.google.firebase:firebase-database:20.1.0] AndroidManifest.xml:24:22-76
14    <uses-permission android:name="android.permission.INTERNET" />
14-->[com.google.firebase:firebase-database:20.1.0] AndroidManifest.xml:25:5-67
14-->[com.google.firebase:firebase-database:20.1.0] AndroidManifest.xml:25:22-64
15
16    <application
16-->src\main\AndroidManifest.xml:6:5-40:19
17        android:allowBackup="true"
17-->src\main\AndroidManifest.xml:7:9-35
18        android:appComponentFactory="androidx.core.app.CoreComponentFactory"
18-->[androidx.core:core:1.8.0] AndroidManifest.xml:24:18-86
19        android:dataExtractionRules="@xml/data_extraction_rules"
19-->src\main\AndroidManifest.xml:8:9-65
20        android:debuggable="true"
21        android:fullBackupContent="@xml/backup_rules"
21-->src\main\AndroidManifest.xml:9:9-54
22        android:icon="@mipmap/ic_launcher"
22-->src\main\AndroidManifest.xml:10:9-43
23        android:label="@string/app_name"
23-->src\main\AndroidManifest.xml:11:9-41
24        android:roundIcon="@mipmap/ic_launcher_round"
24-->src\main\AndroidManifest.xml:12:9-54
25        android:supportsRtl="true"
25-->src\main\AndroidManifest.xml:13:9-35
26        android:testOnly="true"
27        android:theme="@style/Theme.PengaduanOnline" >
27-->src\main\AndroidManifest.xml:14:9-53
28        <activity
28-->src\main\AndroidManifest.xml:16:9-18:40
29            android:name="com.example.pengaduanonline.EditActivity"
29-->src\main\AndroidManifest.xml:17:13-41
30            android:exported="false" />
30-->src\main\AndroidManifest.xml:18:13-37
31        <activity
31-->src\main\AndroidManifest.xml:19:9-21:40
32            android:name="com.example.pengaduanonline.DetailActivity"
32-->src\main\AndroidManifest.xml:20:13-43
33            android:exported="false" />
33-->src\main\AndroidManifest.xml:21:13-37
34        <activity
34-->src\main\AndroidManifest.xml:22:9-24:40
35            android:name="com.example.pengaduanonline.AddActivity"
35-->src\main\AndroidManifest.xml:23:13-40
36            android:exported="false" />
36-->src\main\AndroidManifest.xml:24:13-37
37        <activity
37-->src\main\AndroidManifest.xml:25:9-27:40
38            android:name="com.example.pengaduanonline.HomeActivity"
38-->src\main\AndroidManifest.xml:26:13-41
39            android:exported="false" />
39-->src\main\AndroidManifest.xml:27:13-37
40        <activity
40-->src\main\AndroidManifest.xml:28:9-30:40
41            android:name="com.example.pengaduanonline.RegisterActivity"
41-->src\main\AndroidManifest.xml:29:13-45
42            android:exported="false" />
42-->src\main\AndroidManifest.xml:30:13-37
43        <activity
43-->src\main\AndroidManifest.xml:31:9-39:20
44            android:name="com.example.pengaduanonline.MainActivity"
44-->src\main\AndroidManifest.xml:32:13-41
45            android:exported="true" >
45-->src\main\AndroidManifest.xml:33:13-36
46            <intent-filter>
46-->src\main\AndroidManifest.xml:34:13-38:29
47                <action android:name="android.intent.action.MAIN" />
47-->src\main\AndroidManifest.xml:35:17-69
47-->src\main\AndroidManifest.xml:35:25-66
48
49                <category android:name="android.intent.category.LAUNCHER" />
49-->src\main\AndroidManifest.xml:37:17-77
49-->src\main\AndroidManifest.xml:37:27-74
50            </intent-filter>
51        </activity>
52
53        <service
53-->[com.google.firebase:firebase-database:20.1.0] AndroidManifest.xml:28:9-34:19
54            android:name="com.google.firebase.components.ComponentDiscoveryService"
54-->[com.google.firebase:firebase-database:20.1.0] AndroidManifest.xml:29:13-84
55            android:directBootAware="true"
55-->[com.google.firebase:firebase-common:20.2.0] AndroidManifest.xml:34:13-43
56            android:exported="false" >
56-->[com.google.firebase:firebase-database:20.1.0] AndroidManifest.xml:30:13-37
57            <meta-data
57-->[com.google.firebase:firebase-database:20.1.0] AndroidManifest.xml:31:13-33:85
58                android:name="com.google.firebase.components:com.google.firebase.database.DatabaseRegistrar"
58-->[com.google.firebase:firebase-database:20.1.0] AndroidManifest.xml:32:17-109
59                android:value="com.google.firebase.components.ComponentRegistrar" />
59-->[com.google.firebase:firebase-database:20.1.0] AndroidManifest.xml:33:17-82
60        </service>
61
62        <activity
62-->[com.google.android.gms:play-services-base:18.0.1] AndroidManifest.xml:20:9-22:45
63            android:name="com.google.android.gms.common.api.GoogleApiActivity"
63-->[com.google.android.gms:play-services-base:18.0.1] AndroidManifest.xml:20:19-85
64            android:exported="false"
64-->[com.google.android.gms:play-services-base:18.0.1] AndroidManifest.xml:22:19-43
65            android:theme="@android:style/Theme.Translucent.NoTitleBar" />
65-->[com.google.android.gms:play-services-base:18.0.1] AndroidManifest.xml:21:19-78
66
67        <provider
67-->[com.google.firebase:firebase-common:20.2.0] AndroidManifest.xml:25:9-30:39
68            android:name="com.google.firebase.provider.FirebaseInitProvider"
68-->[com.google.firebase:firebase-common:20.2.0] AndroidManifest.xml:26:13-77
69            android:authorities="com.example.pengaduanonline.firebaseinitprovider"
69-->[com.google.firebase:firebase-common:20.2.0] AndroidManifest.xml:27:13-72
70            android:directBootAware="true"
70-->[com.google.firebase:firebase-common:20.2.0] AndroidManifest.xml:28:13-43
71            android:exported="false"
71-->[com.google.firebase:firebase-common:20.2.0] AndroidManifest.xml:29:13-37
72            android:initOrder="100" />
72-->[com.google.firebase:firebase-common:20.2.0] AndroidManifest.xml:30:13-36
73
74        <meta-data
74-->[com.google.android.gms:play-services-basement:18.1.0] AndroidManifest.xml:21:9-23:69
75            android:name="com.google.android.gms.version"
75-->[com.google.android.gms:play-services-basement:18.1.0] AndroidManifest.xml:22:13-58
76            android:value="@integer/google_play_services_version" />
76-->[com.google.android.gms:play-services-basement:18.1.0] AndroidManifest.xml:23:13-66
77
78        <provider
78-->[androidx.emoji2:emoji2:1.2.0] AndroidManifest.xml:24:9-32:20
79            android:name="androidx.startup.InitializationProvider"
79-->[androidx.emoji2:emoji2:1.2.0] AndroidManifest.xml:25:13-67
80            android:authorities="com.example.pengaduanonline.androidx-startup"
80-->[androidx.emoji2:emoji2:1.2.0] AndroidManifest.xml:26:13-68
81            android:exported="false" >
81-->[androidx.emoji2:emoji2:1.2.0] AndroidManifest.xml:27:13-37
82            <meta-data
82-->[androidx.emoji2:emoji2:1.2.0] AndroidManifest.xml:29:13-31:52
83                android:name="androidx.emoji2.text.EmojiCompatInitializer"
83-->[androidx.emoji2:emoji2:1.2.0] AndroidManifest.xml:30:17-75
84                android:value="androidx.startup" />
84-->[androidx.emoji2:emoji2:1.2.0] AndroidManifest.xml:31:17-49
85            <meta-data
85-->[androidx.lifecycle:lifecycle-process:2.4.1] AndroidManifest.xml:31:13-33:52
86                android:name="androidx.lifecycle.ProcessLifecycleInitializer"
86-->[androidx.lifecycle:lifecycle-process:2.4.1] AndroidManifest.xml:32:17-78
87                android:value="androidx.startup" />
87-->[androidx.lifecycle:lifecycle-process:2.4.1] AndroidManifest.xml:33:17-49
88        </provider>
89    </application>
90
91</manifest>